------------------------------------------------------
PBS: qsub is running on ui-studenti.scope.unina.it
PBS: originating queue is studenti
PBS: executing queue is studenti
PBS: working directory is /homes/DMA/PDC/2021/GDNMTR01A/CPD
PBS: execution mode is PBS_BATCH
PBS: job identifier is 3986921.torque02.scope.unina.it
PBS: job name is progetto1
PBS: node file is /var/spool/pbs/aux//3986921.torque02.scope.unina.it
PBS: number of nodes is
PBS: current home directory is /homes/DMA/PDC/2021/GDNMTR01A
PBS: PATH = /usr/lib64/openmpi/1.2.7-gcc/bin:/usr/kerberos/bin:/opt/exp_soft/unina.it/intel/composer_xe_2013_sp1.3.174/bin/intel64:/opt/exp_soft/unina.it/intel/composer_xe_2013_sp1.3.174/mpirt/bin/intel64:/opt/exp_soft/unina.it/intel/composer_xe_2013_sp1.3.174/bin/intel64:/opt/exp_soft/unina.it/intel/composer_xe_2013_sp1.3.174/bin/intel64_mic:/opt/exp_soft/unina.it/intel/composer_xe_2013_sp1.3.174/debugger/gui/intel64:/opt/d-cache/srm/bin:/opt/d-cache/dcap/bin:/opt/edg/bin:/opt/glite/bin:/opt/globus/bin:/opt/lcg/bin:/usr/local/bin:/bin:/usr/bin:/opt/exp_soft/HADOOP/hadoop-1.0.3/bin:/opt/exp_soft/unina.it/intel/composerxe/bin/intel64/:/opt/exp_soft/unina.it/MPJExpress/mpj-v0_38/bin:/homes/DMA/PDC/2021/GDNMTR01A/bin
------------------------------------------------------

Job reserved nodes:
wn280.scope.unina.it
wn280.scope.unina.it
wn280.scope.unina.it
wn280.scope.unina.it
wn280.scope.unina.it
wn280.scope.unina.it
wn280.scope.unina.it
wn280.scope.unina.it
wn279.scope.unina.it
wn279.scope.unina.it
wn279.scope.unina.it
wn279.scope.unina.it
wn279.scope.unina.it
wn279.scope.unina.it
wn279.scope.unina.it
wn279.scope.unina.it
wn278.scope.unina.it
wn278.scope.unina.it
wn278.scope.unina.it
wn278.scope.unina.it
wn278.scope.unina.it
wn278.scope.unina.it
wn278.scope.unina.it
wn278.scope.unina.it
wn277.scope.unina.it
wn277.scope.unina.it
wn277.scope.unina.it
wn277.scope.unina.it
wn277.scope.unina.it
wn277.scope.unina.it
wn277.scope.unina.it
wn277.scope.unina.it
wn276.scope.unina.it
wn276.scope.unina.it
wn276.scope.unina.it
wn276.scope.unina.it
wn276.scope.unina.it
wn276.scope.unina.it
wn276.scope.unina.it
wn276.scope.unina.it
wn275.scope.unina.it
wn275.scope.unina.it
wn275.scope.unina.it
wn275.scope.unina.it
wn275.scope.unina.it
wn275.scope.unina.it
wn275.scope.unina.it
wn275.scope.unina.it
wn274.scope.unina.it
wn274.scope.unina.it
wn274.scope.unina.it
wn274.scope.unina.it
wn274.scope.unina.it
wn274.scope.unina.it
wn274.scope.unina.it
wn274.scope.unina.it
wn273.scope.unina.it
wn273.scope.unina.it
wn273.scope.unina.it
wn273.scope.unina.it
wn273.scope.unina.it
wn273.scope.unina.it
wn273.scope.unina.it
wn273.scope.unina.it

------------------------------------------------------

wn273.scope.unina.it
wn274.scope.unina.it
wn275.scope.unina.it
wn276.scope.unina.it
wn277.scope.unina.it
wn278.scope.unina.it
wn279.scope.unina.it
wn280.scope.unina.it

------------------------------------------------------

compilation terminated
------------------------------------------------------
Start testing
-------------- test 1 processor --------------
Test: test10000000.txt
Test: test1000000.txt
Test: test100000.txt
Test: test10000.txt
Test: test1000.txt
Test: test100.txt
-------------- test 2 processor --------------
Strategy: 1, test: test10000000.txt
Strategy: 1, test: test1000000.txt
Strategy: 1, test: test100000.txt
Strategy: 1, test: test10000.txt
Strategy: 1, test: test1000.txt
Strategy: 1, test: test100.txt
Strategy: 2, test: test10000000.txt
Strategy: 2, test: test1000000.txt
Strategy: 2, test: test100000.txt
Strategy: 2, test: test10000.txt
Strategy: 2, test: test1000.txt
Strategy: 2, test: test100.txt
Strategy: 3, test: test10000000.txt
Strategy: 3, test: test1000000.txt
Strategy: 3, test: test100000.txt
Strategy: 3, test: test10000.txt
Strategy: 3, test: test1000.txt
Strategy: 3, test: test100.txt
-------------- test 4 processor --------------
Strategy: 1, test: test10000000.txt
Strategy: 1, test: test1000000.txt
Strategy: 1, test: test100000.txt
Strategy: 1, test: test10000.txt
Strategy: 1, test: test1000.txt
Strategy: 1, test: test100.txt
Strategy: 2, test: test10000000.txt
Strategy: 2, test: test1000000.txt
Strategy: 2, test: test100000.txt
Strategy: 2, test: test10000.txt
Strategy: 2, test: test1000.txt
Strategy: 2, test: test100.txt
Strategy: 3, test: test10000000.txt
Strategy: 3, test: test1000000.txt
Strategy: 3, test: test100000.txt
Strategy: 3, test: test10000.txt
Strategy: 3, test: test1000.txt
Strategy: 3, test: test100.txt
-------------- test 8 processor --------------
Strategy: 1, test: test10000000.txt
Strategy: 1, test: test1000000.txt
Strategy: 1, test: test100000.txt
Strategy: 1, test: test10000.txt
Strategy: 1, test: test1000.txt
Strategy: 1, test: test100.txt
Strategy: 2, test: test10000000.txt
Strategy: 2, test: test1000000.txt
Strategy: 2, test: test100000.txt
Strategy: 2, test: test10000.txt
Strategy: 2, test: test1000.txt
Strategy: 2, test: test100.txt
Strategy: 3, test: test10000000.txt
Strategy: 3, test: test1000000.txt
Strategy: 3, test: test100000.txt
Strategy: 3, test: test10000.txt
Strategy: 3, test: test1000.txt
Strategy: 3, test: test100.txt
